<?xml version="1.0" encoding="UTF-8"?>
<!-- Generated by org.testng.reporters.JUnitReportReporter -->
<testsuite hostname="DESKTOP-BVVQG2P" failures="0" tests="1" name="Cucumber.Advance.TestRunner" time="0.110" errors="0" timestamp="8 May 2021 17:29:50 GMT">
  <testcase classname="Cucumber.Advance.TestRunner" name="feature" time="0.110"/>
</testsuite> <!-- Cucumber.Advance.TestRunner -->
