<?xml version="1.0" encoding="UTF-8"?>
<!-- Generated by org.testng.reporters.JUnitReportReporter -->
<testsuite hostname="DESKTOP-BVVQG2P" failures="0" tests="1" name="Cucumber.Advance.TestRunner" time="0.067" errors="0" timestamp="2021-05-08T11:41:45 PDT" skipped="0">
  <testcase classname="Cucumber.Advance.TestRunner" name="feature" time="0.067"/>
  <system-out/>
</testsuite> <!-- Cucumber.Advance.TestRunner -->
